[2024-10-14 13:25:10,683][MLOPsProjectLogger][INFO] - Data Ingestion Stage started
[2024-10-14 13:25:10,685][MLOPsProjectLogger][INFO] - created directory at: artifacts
[2024-10-14 13:25:10,685][MLOPsProjectLogger][INFO] - created directory at: artifacts/data_ingestion
[2024-10-14 13:25:10,685][MLOPsProjectLogger][INFO] - Data File already exists at path:artifacts/data_ingestion/data.zip and file size is:~ 23 KB
[2024-10-14 13:25:10,687][MLOPsProjectLogger][INFO] - The zip file is extracted successfully to path: artifacts/data_ingestion
[2024-10-14 13:25:10,687][MLOPsProjectLogger][INFO] - Data Ingestion Completed Successfully
[2024-10-14 13:25:10,687][MLOPsProjectLogger][INFO] - Data Validation Stage Started
[2024-10-14 13:25:10,689][MLOPsProjectLogger][INFO] - created directory at: artifacts
[2024-10-14 13:25:10,689][MLOPsProjectLogger][INFO] - created directory at: artifacts/data_validation
[2024-10-14 13:25:10,696][MLOPsProjectLogger][INFO] - Data Validation Stage Ended
[2024-10-14 13:25:10,696][MLOPsProjectLogger][INFO] - Data Tranfromation Stage had started
[2024-10-14 13:25:10,699][MLOPsProjectLogger][INFO] - created directory at: artifacts
[2024-10-14 13:25:10,699][MLOPsProjectLogger][INFO] - created directory at: artifacts/data_transformation
[2024-10-14 13:25:10,718][MLOPsProjectLogger][INFO] - Data has been splitted into Train and Test sets
[2024-10-14 13:25:10,718][MLOPsProjectLogger][INFO] - (1279, 12)
[2024-10-14 13:25:10,718][MLOPsProjectLogger][INFO] - (320, 12)
[2024-10-14 13:25:10,718][MLOPsProjectLogger][INFO] - Data Tranformation Stage has Ended
[2024-10-14 13:25:10,718][MLOPsProjectLogger][INFO] - Model Training Stage has Started
[2024-10-14 13:25:10,721][MLOPsProjectLogger][INFO] - created directory at: artifacts
[2024-10-14 13:25:10,721][MLOPsProjectLogger][INFO] - created directory at: artifacts/model_trainer
[2024-10-14 13:25:10,721][MLOPsProjectLogger][INFO] - Train and Test Data split into Inputs and Outputs Respectively
