[2024-10-14 18:04:20,178][MLOPsProjectLogger][INFO] - Data Ingestion Stage started
[2024-10-14 18:04:20,181][MLOPsProjectLogger][INFO] - created directory at: artifacts
[2024-10-14 18:04:20,181][MLOPsProjectLogger][INFO] - created directory at: artifacts/data_ingestion
[2024-10-14 18:04:20,181][MLOPsProjectLogger][INFO] - Data File already exists at path:artifacts/data_ingestion/data.zip and file size is:~ 23 KB
[2024-10-14 18:04:20,182][MLOPsProjectLogger][INFO] - The zip file is extracted successfully to path: artifacts/data_ingestion
[2024-10-14 18:04:20,182][MLOPsProjectLogger][INFO] - Data Ingestion Completed Successfully
[2024-10-14 18:04:20,182][MLOPsProjectLogger][INFO] - Data Validation Stage Started
[2024-10-14 18:04:20,184][MLOPsProjectLogger][INFO] - created directory at: artifacts
[2024-10-14 18:04:20,184][MLOPsProjectLogger][INFO] - created directory at: artifacts/data_validation
[2024-10-14 18:04:20,190][MLOPsProjectLogger][INFO] - Data Validation Stage Ended
[2024-10-14 18:04:20,190][MLOPsProjectLogger][INFO] - Data Tranfromation Stage had started
[2024-10-14 18:04:20,192][MLOPsProjectLogger][INFO] - created directory at: artifacts
[2024-10-14 18:04:20,192][MLOPsProjectLogger][INFO] - created directory at: artifacts/data_transformation
[2024-10-14 18:04:20,204][MLOPsProjectLogger][INFO] - Data has been splitted into Train and Test sets
[2024-10-14 18:04:20,204][MLOPsProjectLogger][INFO] - (1279, 12)
[2024-10-14 18:04:20,204][MLOPsProjectLogger][INFO] - (320, 12)
[2024-10-14 18:04:20,204][MLOPsProjectLogger][INFO] - Data Tranformation Stage has Ended
[2024-10-14 18:04:20,204][MLOPsProjectLogger][INFO] - Model Training Stage has Started
[2024-10-14 18:04:20,206][MLOPsProjectLogger][INFO] - created directory at: artifacts
[2024-10-14 18:04:20,207][MLOPsProjectLogger][INFO] - created directory at: artifacts/model_trainer
[2024-10-14 18:04:20,207][MLOPsProjectLogger][INFO] - Train and Test Data split into Inputs and Outputs Respectively
[2024-10-14 18:04:20,210][MLOPsProjectLogger][INFO] - ElasticNet Model is being fitted onto Train Dataset
[2024-10-14 18:04:20,227][MLOPsProjectLogger][INFO] - Model has been successfully fitted and dumped at:artifacts/model_trainer/model.joblib
[2024-10-14 18:04:20,227][MLOPsProjectLogger][INFO] - Model Training Stage has Ended
[2024-10-14 18:04:20,227][MLOPsProjectLogger][INFO] - Trained Model is being laoded to perform Evaluation on Test Data
[2024-10-14 18:04:20,229][MLOPsProjectLogger][INFO] - created directory at: artifacts
[2024-10-14 18:04:20,229][MLOPsProjectLogger][INFO] - created directory at: artifacts/model_evaluation
[2024-10-14 18:04:28,036][MLOPsProjectLogger][INFO] - Model Wine_Quality_Model_ElasticNet registered with versioning in MLFLOW.
[2024-10-14 18:04:28,037][MLOPsProjectLogger][INFO] - Metrics - RMSE;0.6947415034634135, MAE:0.5488318511876622, R2_Score;0.30660811617026573
[2024-10-14 18:04:28,300][MLOPsProjectLogger][INFO] -  Model Evaluation is succesfully completed.
