[2024-10-14 13:26:28,995][MLOPsProjectLogger][INFO] - Data Ingestion Stage started
[2024-10-14 13:26:28,998][MLOPsProjectLogger][INFO] - created directory at: artifacts
[2024-10-14 13:26:28,998][MLOPsProjectLogger][INFO] - created directory at: artifacts/data_ingestion
[2024-10-14 13:26:28,998][MLOPsProjectLogger][INFO] - Data File already exists at path:artifacts/data_ingestion/data.zip and file size is:~ 23 KB
[2024-10-14 13:26:28,999][MLOPsProjectLogger][INFO] - The zip file is extracted successfully to path: artifacts/data_ingestion
[2024-10-14 13:26:28,999][MLOPsProjectLogger][INFO] - Data Ingestion Completed Successfully
[2024-10-14 13:26:28,999][MLOPsProjectLogger][INFO] - Data Validation Stage Started
[2024-10-14 13:26:29,001][MLOPsProjectLogger][INFO] - created directory at: artifacts
[2024-10-14 13:26:29,001][MLOPsProjectLogger][INFO] - created directory at: artifacts/data_validation
[2024-10-14 13:26:29,005][MLOPsProjectLogger][INFO] - Data Validation Stage Ended
[2024-10-14 13:26:29,005][MLOPsProjectLogger][INFO] - Data Tranfromation Stage had started
[2024-10-14 13:26:29,008][MLOPsProjectLogger][INFO] - created directory at: artifacts
[2024-10-14 13:26:29,008][MLOPsProjectLogger][INFO] - created directory at: artifacts/data_transformation
[2024-10-14 13:26:29,021][MLOPsProjectLogger][INFO] - Data has been splitted into Train and Test sets
[2024-10-14 13:26:29,021][MLOPsProjectLogger][INFO] - (1279, 12)
[2024-10-14 13:26:29,021][MLOPsProjectLogger][INFO] - (320, 12)
[2024-10-14 13:26:29,021][MLOPsProjectLogger][INFO] - Data Tranformation Stage has Ended
[2024-10-14 13:26:29,021][MLOPsProjectLogger][INFO] - Model Training Stage has Started
[2024-10-14 13:26:29,023][MLOPsProjectLogger][INFO] - created directory at: artifacts
[2024-10-14 13:26:29,023][MLOPsProjectLogger][INFO] - created directory at: artifacts/model_trainer
[2024-10-14 13:26:29,023][MLOPsProjectLogger][INFO] - Train and Test Data split into Inputs and Outputs Respectively
[2024-10-14 13:26:29,050][MLOPsProjectLogger][INFO] - ElasticNet Model is being fitted onto Train Dataset
[2024-10-14 13:26:29,053][MLOPsProjectLogger][INFO] - Model has been successfully fitted and dumped at:artifacts/model_trainer/model.joblib
[2024-10-14 13:26:29,053][MLOPsProjectLogger][INFO] - Model Training Stage has Ended
