[2024-10-14 17:57:48,269][MLOPsProjectLogger][INFO] - Data Ingestion Stage started
[2024-10-14 17:57:48,271][MLOPsProjectLogger][INFO] - created directory at: artifacts
[2024-10-14 17:57:48,272][MLOPsProjectLogger][INFO] - created directory at: artifacts/data_ingestion
[2024-10-14 17:57:48,272][MLOPsProjectLogger][INFO] - Data File already exists at path:artifacts/data_ingestion/data.zip and file size is:~ 23 KB
[2024-10-14 17:57:48,273][MLOPsProjectLogger][INFO] - The zip file is extracted successfully to path: artifacts/data_ingestion
[2024-10-14 17:57:48,273][MLOPsProjectLogger][INFO] - Data Ingestion Completed Successfully
[2024-10-14 17:57:48,273][MLOPsProjectLogger][INFO] - Data Validation Stage Started
[2024-10-14 17:57:48,275][MLOPsProjectLogger][INFO] - created directory at: artifacts
[2024-10-14 17:57:48,275][MLOPsProjectLogger][INFO] - created directory at: artifacts/data_validation
[2024-10-14 17:57:48,280][MLOPsProjectLogger][INFO] - Data Validation Stage Ended
[2024-10-14 17:57:48,280][MLOPsProjectLogger][INFO] - Data Tranfromation Stage had started
[2024-10-14 17:57:48,282][MLOPsProjectLogger][INFO] - created directory at: artifacts
[2024-10-14 17:57:48,282][MLOPsProjectLogger][INFO] - created directory at: artifacts/data_transformation
[2024-10-14 17:57:48,292][MLOPsProjectLogger][INFO] - Data has been splitted into Train and Test sets
[2024-10-14 17:57:48,292][MLOPsProjectLogger][INFO] - (1279, 12)
[2024-10-14 17:57:48,292][MLOPsProjectLogger][INFO] - (320, 12)
[2024-10-14 17:57:48,292][MLOPsProjectLogger][INFO] - Data Tranformation Stage has Ended
[2024-10-14 17:57:48,292][MLOPsProjectLogger][INFO] - Model Training Stage has Started
[2024-10-14 17:57:48,295][MLOPsProjectLogger][INFO] - created directory at: artifacts
[2024-10-14 17:57:48,295][MLOPsProjectLogger][INFO] - created directory at: artifacts/model_trainer
[2024-10-14 17:57:48,295][MLOPsProjectLogger][INFO] - Train and Test Data split into Inputs and Outputs Respectively
[2024-10-14 17:57:48,297][MLOPsProjectLogger][INFO] - ElasticNet Model is being fitted onto Train Dataset
[2024-10-14 17:57:48,306][MLOPsProjectLogger][INFO] - Model has been successfully fitted and dumped at:artifacts/model_trainer/model.joblib
[2024-10-14 17:57:48,306][MLOPsProjectLogger][INFO] - Model Training Stage has Ended
[2024-10-14 17:57:48,306][MLOPsProjectLogger][INFO] - Trained Model is being laoded to perform Evaluation on Test Data
[2024-10-14 17:57:48,308][MLOPsProjectLogger][INFO] - created directory at: artifacts
[2024-10-14 17:57:48,308][MLOPsProjectLogger][INFO] - created directory at: artifacts/model_evaluation
