[2024-10-14 18:06:06,648][MLOPsProjectLogger][INFO] - Data Ingestion Stage started
[2024-10-14 18:06:06,650][MLOPsProjectLogger][INFO] - created directory at: artifacts
[2024-10-14 18:06:06,651][MLOPsProjectLogger][INFO] - created directory at: artifacts/data_ingestion
[2024-10-14 18:06:06,651][MLOPsProjectLogger][INFO] - Data File already exists at path:artifacts/data_ingestion/data.zip and file size is:~ 23 KB
[2024-10-14 18:06:06,652][MLOPsProjectLogger][INFO] - The zip file is extracted successfully to path: artifacts/data_ingestion
[2024-10-14 18:06:06,652][MLOPsProjectLogger][INFO] - Data Ingestion Completed Successfully
[2024-10-14 18:06:06,652][MLOPsProjectLogger][INFO] - Data Validation Stage Started
[2024-10-14 18:06:06,654][MLOPsProjectLogger][INFO] - created directory at: artifacts
[2024-10-14 18:06:06,654][MLOPsProjectLogger][INFO] - created directory at: artifacts/data_validation
[2024-10-14 18:06:06,661][MLOPsProjectLogger][INFO] - Data Validation Stage Ended
[2024-10-14 18:06:06,661][MLOPsProjectLogger][INFO] - Data Tranfromation Stage had started
[2024-10-14 18:06:06,663][MLOPsProjectLogger][INFO] - created directory at: artifacts
[2024-10-14 18:06:06,664][MLOPsProjectLogger][INFO] - created directory at: artifacts/data_transformation
[2024-10-14 18:06:06,676][MLOPsProjectLogger][INFO] - Data has been splitted into Train and Test sets
[2024-10-14 18:06:06,676][MLOPsProjectLogger][INFO] - (1279, 12)
[2024-10-14 18:06:06,676][MLOPsProjectLogger][INFO] - (320, 12)
[2024-10-14 18:06:06,676][MLOPsProjectLogger][INFO] - Data Tranformation Stage has Ended
[2024-10-14 18:06:06,676][MLOPsProjectLogger][INFO] - Model Training Stage has Started
[2024-10-14 18:06:06,678][MLOPsProjectLogger][INFO] - created directory at: artifacts
[2024-10-14 18:06:06,679][MLOPsProjectLogger][INFO] - created directory at: artifacts/model_trainer
[2024-10-14 18:06:06,679][MLOPsProjectLogger][INFO] - Train and Test Data split into Inputs and Outputs Respectively
[2024-10-14 18:06:06,682][MLOPsProjectLogger][INFO] - ElasticNet Model is being fitted onto Train Dataset
[2024-10-14 18:06:06,685][MLOPsProjectLogger][INFO] - Model has been successfully fitted and dumped at:artifacts/model_trainer/model.joblib
[2024-10-14 18:06:06,686][MLOPsProjectLogger][INFO] - Model Training Stage has Ended
[2024-10-14 18:06:06,686][MLOPsProjectLogger][INFO] - Trained Model is being laoded to perform Evaluation on Test Data
[2024-10-14 18:06:06,688][MLOPsProjectLogger][INFO] - created directory at: artifacts
[2024-10-14 18:06:06,688][MLOPsProjectLogger][INFO] - created directory at: artifacts/model_evaluation
[2024-10-14 18:06:14,712][MLOPsProjectLogger][INFO] - Model Wine_Quality_Model_ElasticNet registered with versioning in MLFLOW.
[2024-10-14 18:06:14,712][MLOPsProjectLogger][INFO] - Metrics - RMSE;0.6579098187869921, MAE:0.5302282839226271, R2_Score;0.31335902221795997
[2024-10-14 18:06:14,921][MLOPsProjectLogger][INFO] -  Model Evaluation is succesfully completed.
